<?xml version="1.0" encoding="UTF-8"?>
<!-- Generated by org.testng.reporters.JUnitXMLReporter -->
<testsuite ignored="1" hostname="LTIN494529" failures="0" tests="2" name="Submit Order" time="30.146" errors="0" timestamp="2024-09-03T22:58:14 IST">
  <testcase classname="abhishek.SubmitOrderTest" name="submitOrder" time="3.682"/>
  <testcase classname="abhishek.SubmitOrderTest" name="submitOrder" time="3.546"/>
  <testcase classname="abhishek.SubmitOrderTest" name="orderHistoryTest" time="0.0">
    <ignored/>
  </testcase> <!-- orderHistoryTest -->
</testsuite> <!-- Submit Order -->
