<?xml version="1.0" encoding="UTF-8"?>
<!-- Generated by org.testng.reporters.JUnitXMLReporter -->
<testsuite ignored="1" hostname="LTIN494529" failures="1" tests="2" name="Error Validations Order" time="18.943" errors="0" timestamp="2024-09-06T23:38:44 IST">
  <testcase classname="abhishek.ErrorValidationsTest" name="loginErrorValidation" time="0.646">
    <skipped/>
  </testcase> <!-- loginErrorValidation -->
  <testcase classname="abhishek.ErrorValidationsTest" name="loginErrorValidation" time="0.647">
    <failure type="java.lang.AssertionError" message="expected [Incorrect email or password.] but found [Incorrect email or passwrd.]">
      <![CDATA[java.lang.AssertionError: expected [Incorrect email or password.] but found [Incorrect email or passwrd.]
at abhishek.ErrorValidationsTest.loginErrorValidation(ErrorValidationsTest.java:25)
at java.base/java.util.ArrayList.forEach(ArrayList.java:1596)
... Removed 35 stack frames]]>
    </failure>
  </testcase> <!-- loginErrorValidation -->
  <testcase classname="abhishek.ErrorValidationsTest" name="productErrorValidation" time="0.0">
    <ignored/>
  </testcase> <!-- productErrorValidation -->
</testsuite> <!-- Error Validations Order -->
